<?xml version="1.0" encoding="UTF-8"?>
<!-- Generated by org.testng.reporters.JUnitReportReporter -->
<testsuite hostname="DESKTOP-QMSQO3B" failures="0" tests="1" name="com.nxtgenai.testcases.HandlingWebTable" time="2.451" errors="0" timestamp="2022-06-12T20:03:27 IST" skipped="0">
  <testcase classname="com.nxtgenai.testcases.HandlingWebTable" name="displayEmployeeDetails" time="2.451"/>
  <system-out/>
</testsuite> <!-- com.nxtgenai.testcases.HandlingWebTable -->
