<?xml version="1.0" encoding="UTF-8"?>
<!-- Generated by org.testng.reporters.JUnitReportReporter -->
<testsuite hostname="DESKTOP-QMSQO3B" failures="0" tests="3" name="com.nxtgenai.testcases.HandlingMultipleWindows" time="16.284" errors="0" timestamp="2022-06-12T20:03:27 IST" skipped="0">
  <testcase classname="com.nxtgenai.testcases.HandlingMultipleWindows" name="handlingMultipleBrowsers" time="5.090"/>
  <system-out/>
  <testcase classname="com.nxtgenai.testcases.HandlingMultipleWindows" name="handlingMultipleTabs" time="6.748"/>
  <system-out/>
  <testcase classname="com.nxtgenai.testcases.HandlingMultipleWindows" name="handlingMultipleMessageWindow" time="4.446"/>
  <system-out/>
</testsuite> <!-- com.nxtgenai.testcases.HandlingMultipleWindows -->
