<?xml version="1.0" encoding="UTF-8"?>
<!-- Generated by org.testng.reporters.JUnitReportReporter -->
<testsuite hostname="DESKTOP-QMSQO3B" failures="0" tests="2" name="com.nxtgenai.testcases.RegisterDemo" time="16.244" errors="0" timestamp="2022-06-12T20:03:27 IST" skipped="0">
  <testcase classname="com.nxtgenai.testcases.RegisterDemo" name="registerUser" time="8.121"/>
  <system-out/>
  <testcase classname="com.nxtgenai.testcases.RegisterDemo" name="registerUser" time="8.123"/>
  <system-out/>
</testsuite> <!-- com.nxtgenai.testcases.RegisterDemo -->
