<?xml version="1.0" encoding="UTF-8"?>
<!-- Generated by org.testng.reporters.JUnitReportReporter -->
<testsuite hostname="DESKTOP-QMSQO3B" failures="0" tests="12" name="com.nxtgenai.testcases.ScreenNavigation" time="30.154" errors="0" timestamp="2022-06-12T20:12:53 IST" skipped="1">
  <testcase classname="com.nxtgenai.testcases.ScreenNavigation" name="validatingPythonForDataScienceNavigation" time="2.430"/>
  <system-out/>
  <testcase classname="com.nxtgenai.testcases.ScreenNavigation" name="validatingCourseCompletionCertificateNavigation" time="1.887"/>
  <system-out/>
  <testcase classname="com.nxtgenai.testcases.ScreenNavigation" name="validatingAutomationTrainingNavigation" time="2.144"/>
  <system-out/>
  <testcase classname="com.nxtgenai.testcases.ScreenNavigation" name="validatingRegistrationFormNavigation" time="1.791"/>
  <system-out/>
  <testcase classname="com.nxtgenai.testcases.ScreenNavigation" name="validatingAlertPopUpNavigation" time="1.764"/>
  <system-out/>
  <testcase classname="com.nxtgenai.testcases.ScreenNavigation" name="validatingMultipleWindowsNavigation" time="1.669"/>
  <system-out/>
  <testcase classname="com.nxtgenai.testcases.ScreenNavigation" name="validatingWebTableNavigation" time="1.644"/>
  <system-out/>
  <testcase classname="com.nxtgenai.testcases.ScreenNavigation" name="validatingTechTalkNavigation" time="1.675"/>
  <system-out/>
  <testcase classname="com.nxtgenai.testcases.ScreenNavigation" name="validatingTestimonialsNavigation" time="1.494"/>
  <system-out/>
  <testcase classname="com.nxtgenai.testcases.ScreenNavigation" name="validatingNumPyNavigation" time="11.936"/>
  <system-out/>
  <testcase classname="com.nxtgenai.testcases.ScreenNavigation" name="validatingPandasNavigation" time="1.720"/>
  <system-out/>
  <testcase classname="com.nxtgenai.testcases.ScreenNavigation" name="validatingSeleniumOnlineTrainingNavigation">
    <skipped/>
  </testcase> <!-- validatingSeleniumOnlineTrainingNavigation -->
  <system-out/>
</testsuite> <!-- com.nxtgenai.testcases.ScreenNavigation -->
